[PREINITIALIZATION][CLIENT][INFO] Thank you to the Patreon supporters below and others who make CraftTweaker possible!
Otakup0pe
AdaraChristine
Quaternary
Belathus
BocKerDoesGames
Xavier
Ncc1702
Br酶nsted
Jimmie L Hines jr
DreamThorn
Robijnvogel
Ivy_
Genryu
Shotguun29
Jonathan McManus
Pongo Sapiens
NerdyWhiteGuy
Barrier
Zuniroa
ThirtyTwelve
If you want to support the mod, checkout https://patreon.com/jaredlll08?s=crtmod

[PREINITIALIZATION][CLIENT][INFO] Current loaders after merging: [[preinit]]
[PREINITIALIZATION][CLIENT][INFO] Loading scripts for loader with names [preinit]
[PREINITIALIZATION][CLIENT][INFO] [preinit | SIDE_CLIENT]: Skipping file {[0:crafttweaker|reloadableevents]: event.zs} as we are currently loading with a different loader
[PREINITIALIZATION][CLIENT][INFO] [preinit | SIDE_CLIENT]: Skipping file {[0:crafttweaker|reloadableevents]: mods\immersive_engineering.zs} as we are currently loading with a different loader
[PREINITIALIZATION][CLIENT][INFO] [preinit | SIDE_CLIENT]: Skipping file {[0:crafttweaker|reloadableevents]: recipes.zs} as we are currently loading with a different loader
[PREINITIALIZATION][CLIENT][INFO] [preinit | SIDE_CLIENT]: Skipping file {[0:crafttweaker]: requious_frakto.zs} as we are currently loading with a different loader
[PREINITIALIZATION][CLIENT][INFO] [preinit | SIDE_CLIENT]: Skipping file {[0:crafttweaker]: requious_frakto\1.zs} as we are currently loading with a different loader
[PREINITIALIZATION][CLIENT][INFO] [preinit | SIDE_CLIENT]: Skipping file {[0:crafttweaker|reloadableevents]: start.zs} as we are currently loading with a different loader
[PREINITIALIZATION][CLIENT][INFO] Completed script loading in: 2ms
[PREINITIALIZATION][CLIENT][INFO] Current loaders after merging: [[preinit], [contenttweaker]]
[PREINITIALIZATION][CLIENT][INFO] Loading scripts for loader with names [contenttweaker]
[PREINITIALIZATION][CLIENT][INFO] [contenttweaker | SIDE_CLIENT]: Skipping file {[0:crafttweaker|reloadableevents]: event.zs} as we are currently loading with a different loader
[PREINITIALIZATION][CLIENT][INFO] [contenttweaker | SIDE_CLIENT]: Skipping file {[0:crafttweaker|reloadableevents]: mods\immersive_engineering.zs} as we are currently loading with a different loader
[PREINITIALIZATION][CLIENT][INFO] [contenttweaker | SIDE_CLIENT]: Skipping file {[0:crafttweaker|reloadableevents]: recipes.zs} as we are currently loading with a different loader
[PREINITIALIZATION][CLIENT][INFO] [contenttweaker | SIDE_CLIENT]: Skipping file {[0:crafttweaker]: requious_frakto.zs} as we are currently loading with a different loader
[PREINITIALIZATION][CLIENT][INFO] [contenttweaker | SIDE_CLIENT]: Skipping file {[0:crafttweaker]: requious_frakto\1.zs} as we are currently loading with a different loader
[PREINITIALIZATION][CLIENT][INFO] [contenttweaker | SIDE_CLIENT]: Skipping file {[0:crafttweaker|reloadableevents]: start.zs} as we are currently loading with a different loader
[PREINITIALIZATION][CLIENT][INFO] Completed script loading in: 0ms
[INITIALIZATION][CLIENT][INFO] CraftTweaker: Building registry
[INITIALIZATION][CLIENT][INFO] CraftTweaker: Successfully built item registry
[INITIALIZATION][CLIENT][INFO] Current loaders after merging: [[preinit], [contenttweaker], [recipeevent | crafttweaker]]
[INITIALIZATION][CLIENT][INFO] Loading scripts for loader with names [crafttweaker | recipeevent]
[INITIALIZATION][CLIENT][INFO] [crafttweaker | SIDE_CLIENT]: Loading Script: {[0:crafttweaker|reloadableevents]: event.zs}
[INITIALIZATION][CLIENT][INFO] [crafttweaker | SIDE_CLIENT]: Loading Script: {[0:crafttweaker|reloadableevents]: mods\immersive_engineering.zs}
[INITIALIZATION][CLIENT][INFO] Item <item:immersiveengineering:stone_decoration:0> has not been found, trying to use a ghost representative. This message will only be printed once, all subsequent missing items will be handled the same way.
[INITIALIZATION][CLIENT][INFO] [crafttweaker | SIDE_CLIENT]: Loading Script: {[0:crafttweaker|reloadableevents]: recipes.zs}
[INITIALIZATION][CLIENT][INFO] [crafttweaker | SIDE_CLIENT]: Loading Script: {[0:crafttweaker]: requious_frakto.zs}
[INITIALIZATION][CLIENT][INFO] [crafttweaker | SIDE_CLIENT]: Loading Script: {[0:crafttweaker]: requious_frakto\1.zs}
[INITIALIZATION][CLIENT][INFO] [crafttweaker | SIDE_CLIENT]: Loading Script: {[0:crafttweaker|reloadableevents]: start.zs}
[INITIALIZATION][CLIENT][INFO] Setting max damage of  燧石短柄斧 to 10
[INITIALIZATION][CLIENT][INFO] Setting max damage of  燧石镐 to 10
[INITIALIZATION][CLIENT][INFO] Setting max damage of  燧石铲 to 10
[INITIALIZATION][CLIENT][INFO] Completed script loading in: 299ms
[POSTINITIALIZATION][CLIENT][INFO] Removing recipes for various outputs
[POSTINITIALIZATION][CLIENT][INFO] Removing Shaped recipes for <immersiveengineering:stone_decoration> * 3
[POSTINITIALIZATION][CLIENT][INFO] 1 removed
[POSTINITIALIZATION][CLIENT][INFO] Removing Shaped recipes for <immersiveengineering:stone_decoration:1> * 3
[POSTINITIALIZATION][CLIENT][INFO] 1 removed
[POSTINITIALIZATION][CLIENT][INFO] Adding shaped recipe for 焦炉砖 with name ct_shaped-583050266
[POSTINITIALIZATION][CLIENT][INFO] Adding shaped recipe for 高炉砖 with name ct_shaped1260798552
[POSTINITIALIZATION][CLIENT][INFO] Adding shaped recipe for 高炉砖 with name ct_shaped234863317
[POSTINITIALIZATION][CLIENT][INFO] Adding shaped recipe for 工作台 with name ct_shaped-1144395138
[POSTINITIALIZATION][CLIENT][INFO] Adding shaped recipe for 火把 with name ct_shaped351651673
[POSTINITIALIZATION][CLIENT][INFO] Adding shaped recipe for tile.tconstruct.stone_torch with name ct_shaped858480798
[AVAILABLE][CLIENT][INFO] Fixed the RecipeBook
